<?xml version="1.0" encoding="UTF-8"?>
<testng-results skipped="0" failed="0" ignored="0" total="1" passed="1">
  <reporter-output>
  </reporter-output>
  <suite name="Suite" duration-ms="24307" started-at="2017-06-03T09:52:27Z" finished-at="2017-06-03T09:52:51Z">
    <groups>
    </groups>
    <test name="Test" duration-ms="24307" started-at="2017-06-03T09:52:27Z" finished-at="2017-06-03T09:52:51Z">
      <class name="launchbrowser.emicalc">
        <test-method status="PASS" signature="bankapp()[pri:0, instance:launchbrowser.emicalc@4cc0edeb]" name="bankapp" duration-ms="24223" started-at="2017-06-03T15:22:27Z" finished-at="2017-06-03T15:22:51Z">
          <reporter-output>
          </reporter-output>
        </test-method> <!-- bankapp -->
      </class> <!-- launchbrowser.emicalc -->
    </test> <!-- Test -->
  </suite> <!-- Suite -->
</testng-results>
