<?xml version="1.0" encoding="UTF-8"?>
<testng-results skipped="0" failed="0" total="1" passed="1">
  <reporter-output>
  </reporter-output>
  <suite name="Suite" duration-ms="25" started-at="2017-06-03T10:21:44Z" finished-at="2017-06-03T10:21:44Z">
    <groups>
    </groups>
    <test name="Test" duration-ms="25" started-at="2017-06-03T10:21:44Z" finished-at="2017-06-03T10:21:44Z">
      <class name="launchbrowser.emicalc">
        <test-method status="PASS" signature="bankapp()[pri:0, instance:launchbrowser.emicalc@11531931]" name="bankapp" duration-ms="7" started-at="2017-06-03T15:51:44Z" finished-at="2017-06-03T15:51:44Z">
          <reporter-output>
          </reporter-output>
        </test-method> <!-- bankapp -->
      </class> <!-- launchbrowser.emicalc -->
    </test> <!-- Test -->
  </suite> <!-- Suite -->
</testng-results>
